<?xml version="1.0" encoding="UTF-8"?>
<!-- Generated by org.testng.reporters.JUnitReportReporter -->
<testsuite hostname="L-158047677" failures="0" tests="1" name="SeleniumL1Assignments.SeleniumL1_Assmt4" time="2.253" errors="0" timestamp="2024-03-20T18:27:54 IST" skipped="0">
  <testcase classname="SeleniumL1Assignments.SeleniumL1_Assmt4" name="f" time="2.253"/>
</testsuite> <!-- SeleniumL1Assignments.SeleniumL1_Assmt4 -->
