<?xml version="1.0" encoding="UTF-8"?>
<!-- Generated by org.testng.reporters.JUnitReportReporter -->
<testsuite hostname="L-158047677" failures="0" tests="3" name="Assignments.Assignment2" time="0.640" errors="0" timestamp="2024-03-18T17:00:03 IST" skipped="0">
  <testcase classname="Assignments.Assignment2" name="Alert" time="0.163"/>
  <testcase classname="Assignments.Assignment2" name="Confirm" time="0.230"/>
  <testcase classname="Assignments.Assignment2" name="prompt" time="0.247"/>
</testsuite> <!-- Assignments.Assignment2 -->
