<?xml version="1.0" encoding="UTF-8"?>
<!-- Generated by org.testng.reporters.JUnitReportReporter -->
<testsuite hostname="L-158047677" failures="0" tests="2" name="Assignments.Assignment1" time="0.982" errors="0" timestamp="2024-03-22T15:53:42 IST" skipped="0">
  <testcase classname="Assignments.Assignment1" name="Test1" time="0.909"/>
  <testcase classname="Assignments.Assignment1" name="Test2" time="0.073"/>
</testsuite> <!-- Assignments.Assignment1 -->
