<?xml version="1.0" encoding="UTF-8"?>
<!-- Generated by org.testng.reporters.JUnitReportReporter -->
<testsuite hostname="L-158047677" failures="0" tests="1" name="Assignments.Assignment3" time="0.130" errors="0" timestamp="2024-05-19T11:38:14 IST" skipped="0">
  <testcase classname="Assignments.Assignment3" name="Testcase" time="0.130"/>
</testsuite> <!-- Assignments.Assignment3 -->
