<?xml version="1.0" encoding="UTF-8"?>
<!-- Generated by org.testng.reporters.JUnitReportReporter -->
<testsuite hostname="L-158047677" failures="0" tests="3" name="Testcases.Testcase" time="57.224" errors="0" timestamp="2024-03-27T13:12:06 IST" skipped="0">
  <testcase classname="Testcases.Testcase" name="Test1" time="42.736"/>
  <testcase classname="Testcases.Testcase" name="Test2" time="7.567"/>
  <testcase classname="Testcases.Testcase" name="Test3" time="6.921"/>
</testsuite> <!-- Testcases.Testcase -->
